f:\vswb\projectsdd\x64\debug\vc142.pdb
f:\vswb\projectsdd\x64\debug\vc142.idb
f:\vswb\projectsdd\x64\debug\shell.obj
f:\vswb\projectsdd\x64\debug\main.obj
f:\vswb\projectsdd\x64\debug\commandregistry.obj
f:\vswb\projectsdd\x64\debug\echocommand.obj
f:\vswb\projectsdd\x64\debug\rmcommand.obj
f:\vswb\projectsdd\x64\debug\mkdircommand.obj
f:\vswb\projectsdd\x64\debug\cdcommand.obj
f:\vswb\projectsdd\x64\debug\pwdcommand.obj
f:\vswb\projectsdd\x64\debug\lscommand.obj
f:\vswb\projectsdd\x64\debug\exitcommand.obj
f:\vswb\projectsdd\x64\debug\projectsdd.ilk
f:\vswb\projectsdd\x64\debug\projectsdd.exe
f:\vswb\projectsdd\x64\debug\projectsdd.pdb
f:\vswb\projectsdd\x64\debug\projectsdd.tlog\cl.command.1.tlog
f:\vswb\projectsdd\x64\debug\projectsdd.tlog\cl.read.1.tlog
f:\vswb\projectsdd\x64\debug\projectsdd.tlog\cl.write.1.tlog
f:\vswb\projectsdd\x64\debug\projectsdd.tlog\link.command.1.tlog
f:\vswb\projectsdd\x64\debug\projectsdd.tlog\link.read.1.tlog
f:\vswb\projectsdd\x64\debug\projectsdd.tlog\link.write.1.tlog
